{"level":"DEBUG","time":"2022-11-26T17:41:12.576+0800","caller":"blog-demo/main.go:60","msg":"init success!!!"}
{"level":"INFO","time":"2022-11-26T17:41:18.767+0800","caller":"logic/user.go:17","msg":"用户已经存在"}
{"level":"INFO","time":"2022-11-26T17:41:18.768+0800","caller":"logger/logger.go:67","msg":"/signUp","status":200,"method":"POST","path":"/signUp","query":"","ip":"127.0.0.1","user-agent":"PostmanRuntime/7.29.2","errors":"","cost":0.007468917}
{"level":"INFO","time":"2022-11-26T17:41:23.765+0800","caller":"logger/logger.go:67","msg":"/signUp","status":200,"method":"POST","path":"/signUp","query":"","ip":"127.0.0.1","user-agent":"PostmanRuntime/7.29.2","errors":"","cost":0.015888584}
{"level":"INFO","time":"2022-11-26T17:41:42.458+0800","caller":"logic/user.go:17","msg":"用户已经存在"}
{"level":"INFO","time":"2022-11-26T17:41:42.458+0800","caller":"logger/logger.go:67","msg":"/signUp","status":200,"method":"POST","path":"/signUp","query":"","ip":"127.0.0.1","user-agent":"PostmanRuntime/7.29.2","errors":"","cost":0.007660875}
{"level":"INFO","time":"2022-11-26T17:41:47.623+0800","caller":"blog-demo/main.go:86","msg":"Shutdown Server ..."}
{"level":"INFO","time":"2022-11-26T17:41:47.623+0800","caller":"blog-demo/main.go:95","msg":"Server exiting"}
{"level":"DEBUG","time":"2022-11-26T17:47:18.031+0800","caller":"blog-demo/main.go:60","msg":"init success!!!"}
{"level":"INFO","time":"2022-11-26T17:47:42.215+0800","caller":"blog-demo/main.go:86","msg":"Shutdown Server ..."}
{"level":"INFO","time":"2022-11-26T17:47:42.215+0800","caller":"blog-demo/main.go:95","msg":"Server exiting"}
{"level":"DEBUG","time":"2022-11-26T17:49:54.231+0800","caller":"blog-demo/main.go:60","msg":"init success!!!"}
{"level":"INFO","time":"2022-11-26T17:50:05.347+0800","caller":"blog-demo/main.go:86","msg":"Shutdown Server ..."}
{"level":"INFO","time":"2022-11-26T17:50:05.348+0800","caller":"blog-demo/main.go:95","msg":"Server exiting"}
{"level":"DEBUG","time":"2022-11-26T17:57:01.493+0800","caller":"blog-demo/main.go:60","msg":"init success!!!"}
{"level":"INFO","time":"2022-11-26T17:59:17.238+0800","caller":"blog-demo/main.go:92","msg":"Shutdown Server ..."}
{"level":"INFO","time":"2022-11-26T17:59:17.238+0800","caller":"blog-demo/main.go:101","msg":"Server exiting"}
{"level":"DEBUG","time":"2022-11-26T18:01:02.306+0800","caller":"blog-demo/main.go:60","msg":"init success!!!"}
{"level":"INFO","time":"2022-11-26T18:01:28.966+0800","caller":"blog-demo/main.go:92","msg":"Shutdown Server ..."}
{"level":"INFO","time":"2022-11-26T18:01:28.966+0800","caller":"blog-demo/main.go:101","msg":"Server exiting"}
{"level":"DEBUG","time":"2022-11-26T18:03:22.923+0800","caller":"blog-demo/main.go:60","msg":"init success!!!"}
{"level":"INFO","time":"2022-11-26T18:03:25.163+0800","caller":"blog-demo/main.go:92","msg":"Shutdown Server ..."}
{"level":"INFO","time":"2022-11-26T18:03:25.164+0800","caller":"blog-demo/main.go:101","msg":"Server exiting"}
{"level":"DEBUG","time":"2022-11-26T18:04:12.905+0800","caller":"blog-demo/main.go:60","msg":"init success!!!"}
{"level":"INFO","time":"2022-11-26T18:04:16.018+0800","caller":"blog-demo/main.go:92","msg":"Shutdown Server ..."}
{"level":"INFO","time":"2022-11-26T18:04:16.018+0800","caller":"blog-demo/main.go:101","msg":"Server exiting"}
{"level":"DEBUG","time":"2022-11-26T19:55:07.101+0800","caller":"blog-demo/main.go:60","msg":"init success!!!"}
{"level":"INFO","time":"2022-11-26T19:55:09.400+0800","caller":"logic/user.go:17","msg":"用户已经存在"}
{"level":"INFO","time":"2022-11-26T19:55:09.401+0800","caller":"logger/logger.go:80","msg":"/signUp","status":200,"method":"POST","path":"/signUp","query":"","ip":"127.0.0.1","user-agent":"PostmanRuntime/7.29.2","errors":"","cost":0.007609083}
{"level":"INFO","time":"2022-11-26T19:55:15.316+0800","caller":"blog-demo/main.go:86","msg":"Shutdown Server ..."}
{"level":"INFO","time":"2022-11-26T19:55:15.316+0800","caller":"blog-demo/main.go:95","msg":"Server exiting"}
{"level":"DEBUG","time":"2022-11-26T19:55:25.841+0800","caller":"blog-demo/main.go:60","msg":"init success!!!"}
{"level":"INFO","time":"2022-11-26T19:55:27.498+0800","caller":"logic/user.go:17","msg":"用户已经存在"}
{"level":"INFO","time":"2022-11-26T19:55:27.498+0800","caller":"logger/logger.go:80","msg":"/signUp","status":200,"method":"POST","path":"/signUp","query":"","ip":"127.0.0.1","user-agent":"PostmanRuntime/7.29.2","errors":"","cost":0.007065834}
{"level":"INFO","time":"2022-11-26T19:55:32.394+0800","caller":"blog-demo/main.go:86","msg":"Shutdown Server ..."}
{"level":"INFO","time":"2022-11-26T19:55:32.395+0800","caller":"blog-demo/main.go:95","msg":"Server exiting"}
